<?xml version="1.0" encoding="UTF-8"?>
<testng-results ignored="0" total="1" passed="1" failed="0" skipped="0">
  <reporter-output>
  </reporter-output>
  <suite started-at="2024-04-02T15:56:21 IST" name="Default suite" finished-at="2024-04-02T15:56:21 IST" duration-ms="41">
    <groups>
    </groups>
    <test started-at="2024-04-02T15:56:21 IST" name="Default test" finished-at="2024-04-02T15:56:21 IST" duration-ms="41">
      <class name="testpackage.helloworld">
        <test-method signature="test()[pri:0, instance:testpackage.helloworld@29647f75]" started-at="2024-04-02T15:56:21 IST" name="test" finished-at="2024-04-02T15:56:21 IST" duration-ms="5" status="PASS">
          <reporter-output>
          </reporter-output>
        </test-method> <!-- test -->
      </class> <!-- testpackage.helloworld -->
    </test> <!-- Default test -->
  </suite> <!-- Default suite -->
</testng-results>
